[0.021s] Invoking command in '/workspaces/auto_sentry/build/rm_behavior_tree': AMENT_PREFIX_PATH=/workspaces/auto_sentry/install/behaviortree_ros2:/workspaces/auto_sentry/install/rm_decision_interfaces:/workspaces/auto_sentry/install/behaviortree_cpp:/workspaces/auto_sentry/install/auto_aim_interfaces:${AMENT_PREFIX_PATH} CMAKE_PREFIX_PATH=/workspaces/auto_sentry/install/behaviortree_ros2:/workspaces/auto_sentry/install/rm_decision_interfaces:/workspaces/auto_sentry/install/behaviortree_cpp:/workspaces/auto_sentry/install/auto_aim_interfaces:/opt/ros/humble LD_LIBRARY_PATH=/workspaces/auto_sentry/install/rm_decision_interfaces/lib:/workspaces/auto_sentry/install/behaviortree_cpp/lib:/workspaces/auto_sentry/install/auto_aim_interfaces/lib:${LD_LIBRARY_PATH} PATH=/workspaces/auto_sentry/install/behaviortree_cpp/bin:${PATH} PYTHONPATH=/workspaces/auto_sentry/install/rm_decision_interfaces/local/lib/python3.10/dist-packages:/workspaces/auto_sentry/install/auto_aim_interfaces/local/lib/python3.10/dist-packages:${PYTHONPATH} /usr/bin/cmake /workspaces/auto_sentry/src/rm_behavior_tree-master/rm_behavior_tree -DCMAKE_INSTALL_PREFIX=/workspaces/auto_sentry/install/rm_behavior_tree
[0.037s] -- Found ament_cmake_auto: 1.3.9 (/opt/ros/humble/share/ament_cmake_auto/cmake)
[0.128s] -- Override CMake install command with custom implementation using symlinks instead of copying resources
[0.217s] -- Found rosidl_generator_c: 3.1.5 (/opt/ros/humble/share/rosidl_generator_c/cmake)
[0.220s] -- Found rosidl_adapter: 3.1.5 (/opt/ros/humble/share/rosidl_adapter/cmake)
[0.225s] -- Found rosidl_generator_cpp: 3.1.5 (/opt/ros/humble/share/rosidl_generator_cpp/cmake)
[0.236s] -- Using all available rosidl_typesupport_c: rosidl_typesupport_fastrtps_c;rosidl_typesupport_introspection_c
[0.249s] -- Using all available rosidl_typesupport_cpp: rosidl_typesupport_fastrtps_cpp;rosidl_typesupport_introspection_cpp
[0.296s] -- Found rmw_implementation_cmake: 6.1.2 (/opt/ros/humble/share/rmw_implementation_cmake/cmake)
[0.297s] -- Found rmw_fastrtps_cpp: 6.2.6 (/opt/ros/humble/share/rmw_fastrtps_cpp/cmake)
[0.419s] -- Using RMW implementation 'rmw_fastrtps_cpp' as default
[1.958s] -- Configuring done
[2.356s] -- Generating done
[2.359s] -- Build files have been written to: /workspaces/auto_sentry/build/rm_behavior_tree
[2.367s] Invoked command in '/workspaces/auto_sentry/build/rm_behavior_tree' returned '0': AMENT_PREFIX_PATH=/workspaces/auto_sentry/install/behaviortree_ros2:/workspaces/auto_sentry/install/rm_decision_interfaces:/workspaces/auto_sentry/install/behaviortree_cpp:/workspaces/auto_sentry/install/auto_aim_interfaces:${AMENT_PREFIX_PATH} CMAKE_PREFIX_PATH=/workspaces/auto_sentry/install/behaviortree_ros2:/workspaces/auto_sentry/install/rm_decision_interfaces:/workspaces/auto_sentry/install/behaviortree_cpp:/workspaces/auto_sentry/install/auto_aim_interfaces:/opt/ros/humble LD_LIBRARY_PATH=/workspaces/auto_sentry/install/rm_decision_interfaces/lib:/workspaces/auto_sentry/install/behaviortree_cpp/lib:/workspaces/auto_sentry/install/auto_aim_interfaces/lib:${LD_LIBRARY_PATH} PATH=/workspaces/auto_sentry/install/behaviortree_cpp/bin:${PATH} PYTHONPATH=/workspaces/auto_sentry/install/rm_decision_interfaces/local/lib/python3.10/dist-packages:/workspaces/auto_sentry/install/auto_aim_interfaces/local/lib/python3.10/dist-packages:${PYTHONPATH} /usr/bin/cmake /workspaces/auto_sentry/src/rm_behavior_tree-master/rm_behavior_tree -DCMAKE_INSTALL_PREFIX=/workspaces/auto_sentry/install/rm_behavior_tree
[2.370s] Invoking command in '/workspaces/auto_sentry/build/rm_behavior_tree': AMENT_PREFIX_PATH=/workspaces/auto_sentry/install/behaviortree_ros2:/workspaces/auto_sentry/install/rm_decision_interfaces:/workspaces/auto_sentry/install/behaviortree_cpp:/workspaces/auto_sentry/install/auto_aim_interfaces:${AMENT_PREFIX_PATH} CMAKE_PREFIX_PATH=/workspaces/auto_sentry/install/behaviortree_ros2:/workspaces/auto_sentry/install/rm_decision_interfaces:/workspaces/auto_sentry/install/behaviortree_cpp:/workspaces/auto_sentry/install/auto_aim_interfaces:/opt/ros/humble LD_LIBRARY_PATH=/workspaces/auto_sentry/install/rm_decision_interfaces/lib:/workspaces/auto_sentry/install/behaviortree_cpp/lib:/workspaces/auto_sentry/install/auto_aim_interfaces/lib:${LD_LIBRARY_PATH} PATH=/workspaces/auto_sentry/install/behaviortree_cpp/bin:${PATH} PYTHONPATH=/workspaces/auto_sentry/install/rm_decision_interfaces/local/lib/python3.10/dist-packages:/workspaces/auto_sentry/install/auto_aim_interfaces/local/lib/python3.10/dist-packages:${PYTHONPATH} /usr/bin/cmake --build /workspaces/auto_sentry/build/rm_behavior_tree -- -j28 -l28
[2.411s] [35m[1mConsolidate compiler generated dependencies of target decision_switch[0m
[2.412s] [35m[1mConsolidate compiler generated dependencies of target rm_behavior_tree[0m
[2.430s] [  2%] [32mBuilding CXX object CMakeFiles/rm_behavior_tree.dir/src/rm_behavior_tree.cpp.o[0m
[2.431s] [  7%] Built target decision_switch
[2.441s] [35m[1mConsolidate compiler generated dependencies of target rate_controller[0m
[2.455s] [ 12%] Built target rate_controller
[2.464s] [35m[1mConsolidate compiler generated dependencies of target is_game_time[0m
[2.476s] [ 17%] Built target is_game_time
[2.485s] [35m[1mConsolidate compiler generated dependencies of target is_status_ok[0m
[2.497s] [ 22%] Built target is_status_ok
[2.505s] [35m[1mConsolidate compiler generated dependencies of target is_attacked[0m
[2.516s] [ 27%] Built target is_attacked
[2.526s] [35m[1mConsolidate compiler generated dependencies of target is_friend_ok[0m
[2.541s] [ 32%] Built target is_friend_ok
[2.549s] [35m[1mConsolidate compiler generated dependencies of target is_outpost_ok[0m
[2.562s] [ 37%] Built target is_outpost_ok
[2.572s] [35m[1mConsolidate compiler generated dependencies of target is_detect_enemy[0m
[2.583s] [ 42%] Built target is_detect_enemy
[2.592s] [35m[1mConsolidate compiler generated dependencies of target send_goal[0m
[2.607s] [ 47%] Built target send_goal
[2.615s] [35m[1mConsolidate compiler generated dependencies of target sub_all_robot_hp[0m
[2.637s] [ 52%] Built target sub_all_robot_hp
[2.647s] [35m[1mConsolidate compiler generated dependencies of target sub_robot_status[0m
[2.668s] [ 57%] Built target sub_robot_status
[2.679s] [35m[1mConsolidate compiler generated dependencies of target sub_game_status[0m
[2.699s] [ 62%] Built target sub_game_status
[2.708s] [35m[1mConsolidate compiler generated dependencies of target sub_armors[0m
[2.729s] [ 67%] Built target sub_armors
[2.737s] [35m[1mConsolidate compiler generated dependencies of target sub_decision_num[0m
[2.758s] [ 72%] Built target sub_decision_num
[2.769s] [35m[1mConsolidate compiler generated dependencies of target get_current_location[0m
[2.785s] [ 77%] Built target get_current_location
[2.795s] [35m[1mConsolidate compiler generated dependencies of target move_around[0m
[2.809s] [ 82%] Built target move_around
[2.820s] [35m[1mConsolidate compiler generated dependencies of target robot_control[0m
[2.837s] [ 87%] Built target robot_control
[2.848s] [35m[1mConsolidate compiler generated dependencies of target print_message[0m
[2.863s] [ 92%] Built target print_message
[2.883s] [ 95%] [32mBuilding CXX object CMakeFiles/hp_decision_patrol.dir/plugins/action/hp_decision_patrol.cpp.o[0m
[5.278s] [01m[K/workspaces/auto_sentry/src/rm_behavior_tree-master/rm_behavior_tree/plugins/action/hp_decision_patrol.cpp:[m[K In member function â€˜[01m[Kvirtual BT::NodeStatus rm_behavior_tree::HpDecisionPatrol::onTick(const std::shared_ptr<rm_decision_interfaces::msg::AllRobotHP_<std::allocator<void> > >&)[m[Kâ€™:
[5.278s] [01m[K/workspaces/auto_sentry/src/rm_behavior_tree-master/rm_behavior_tree/plugins/action/hp_decision_patrol.cpp:37:30:[m[K [01;31m[Kerror: [m[Kâ€˜[01m[Kusing element_type = struct rm_decision_interfaces::msg::AllRobotHP_<std::allocator<void> >[m[Kâ€™ {aka â€˜[01m[Kstruct rm_decision_interfaces::msg::AllRobotHP_<std::allocator<void> >[m[Kâ€™} has no member named â€˜[01m[Kally_7_robot_hp[m[Kâ€™; did you mean â€˜[01m[Kblue_7_robot_hp[m[Kâ€™?
[5.278s]    37 |   int current_hp = last_msg->[01;31m[Kally_7_robot_hp[m[K;
[5.278s]       |                              [01;31m[K^~~~~~~~~~~~~~~[m[K
[5.278s]       |                              [32m[Kblue_7_robot_hp[m[K
[5.473s] [ 97%] [32m[1mLinking CXX executable rm_behavior_tree[0m
[5.656s] [ 97%] Built target rm_behavior_tree
[7.402s] gmake[2]: *** [CMakeFiles/hp_decision_patrol.dir/build.make:76: CMakeFiles/hp_decision_patrol.dir/plugins/action/hp_decision_patrol.cpp.o] Error 1
[7.402s] gmake[1]: *** [CMakeFiles/Makefile2:822: CMakeFiles/hp_decision_patrol.dir/all] Error 2
[7.403s] gmake: *** [Makefile:146: all] Error 2
[7.404s] Invoked command in '/workspaces/auto_sentry/build/rm_behavior_tree' returned '2': AMENT_PREFIX_PATH=/workspaces/auto_sentry/install/behaviortree_ros2:/workspaces/auto_sentry/install/rm_decision_interfaces:/workspaces/auto_sentry/install/behaviortree_cpp:/workspaces/auto_sentry/install/auto_aim_interfaces:${AMENT_PREFIX_PATH} CMAKE_PREFIX_PATH=/workspaces/auto_sentry/install/behaviortree_ros2:/workspaces/auto_sentry/install/rm_decision_interfaces:/workspaces/auto_sentry/install/behaviortree_cpp:/workspaces/auto_sentry/install/auto_aim_interfaces:/opt/ros/humble LD_LIBRARY_PATH=/workspaces/auto_sentry/install/rm_decision_interfaces/lib:/workspaces/auto_sentry/install/behaviortree_cpp/lib:/workspaces/auto_sentry/install/auto_aim_interfaces/lib:${LD_LIBRARY_PATH} PATH=/workspaces/auto_sentry/install/behaviortree_cpp/bin:${PATH} PYTHONPATH=/workspaces/auto_sentry/install/rm_decision_interfaces/local/lib/python3.10/dist-packages:/workspaces/auto_sentry/install/auto_aim_interfaces/local/lib/python3.10/dist-packages:${PYTHONPATH} /usr/bin/cmake --build /workspaces/auto_sentry/build/rm_behavior_tree -- -j28 -l28
