-- Found ament_cmake: 1.3.9 (/opt/ros/humble/share/ament_cmake/cmake)
-- Override CMake install command with custom implementation using symlinks instead of copying resources
-- Found rclcpp: 16.0.9 (/opt/ros/humble/share/rclcpp/cmake)
-- Found rosidl_generator_c: 3.1.5 (/opt/ros/humble/share/rosidl_generator_c/cmake)
-- Found rosidl_adapter: 3.1.5 (/opt/ros/humble/share/rosidl_adapter/cmake)
-- Found rosidl_generator_cpp: 3.1.5 (/opt/ros/humble/share/rosidl_generator_cpp/cmake)
-- Using all available rosidl_typesupport_c: rosidl_typesupport_fastrtps_c;rosidl_typesupport_introspection_c
-- Using all available rosidl_typesupport_cpp: rosidl_typesupport_fastrtps_cpp;rosidl_typesupport_introspection_cpp
-- Found rmw_implementation_cmake: 6.1.2 (/opt/ros/humble/share/rmw_implementation_cmake/cmake)
-- Found rmw_fastrtps_cpp: 6.2.6 (/opt/ros/humble/share/rmw_fastrtps_cpp/cmake)
-- Using RMW implementation 'rmw_fastrtps_cpp' as default
-- Found rclcpp_components: 16.0.9 (/opt/ros/humble/share/rclcpp_components/cmake)
-- Found serial_driver: 1.2.0 (/workspaces/auto_sentry/install/serial_driver/share/serial_driver/cmake)
-- Found tf2_ros: 0.25.6 (/opt/ros/humble/share/tf2_ros/cmake)
-- Found tf2_geometry_msgs: 0.25.6 (/opt/ros/humble/share/tf2_geometry_msgs/cmake)
-- Found eigen3_cmake_module: 0.1.1 (/opt/ros/humble/share/eigen3_cmake_module/cmake)
-- Ensuring Eigen3 include directory is part of orocos-kdl CMake target
-- Found sensor_msgs: 4.2.3 (/opt/ros/humble/share/sensor_msgs/cmake)
-- Found example_interfaces: 0.9.3 (/opt/ros/humble/share/example_interfaces/cmake)
-- Found pb_rm_interfaces: 0.1.0 (/workspaces/auto_sentry/install/pb_rm_interfaces/share/pb_rm_interfaces/cmake)
-- Found rm_decision_interfaces: 0.0.0 (/workspaces/auto_sentry/install/rm_decision_interfaces/share/rm_decision_interfaces/cmake)
-- Configuring done
-- Generating done
-- Build files have been written to: /workspaces/auto_sentry/build/standard_robot_pp_ros2
[35m[1mConsolidate compiler generated dependencies of target standard_robot_pp_ros2_node[0m
[35m[1mConsolidate compiler generated dependencies of target standard_robot_pp_ros2[0m
[ 40%] Built target standard_robot_pp_ros2_node
[ 80%] [32mBuilding C object CMakeFiles/standard_robot_pp_ros2.dir/src/crc_func.c.o[0m
[ 80%] [32mBuilding CXX object CMakeFiles/standard_robot_pp_ros2.dir/src/standard_robot_pp_ros2.cpp.o[0m
In file included from [01m[K/workspaces/auto_sentry/src/standard_robot_pp_ros2-master/src/standard_robot_pp_ros2/src/standard_robot_pp_ros2.cpp:1[m[K:
[01m[K/workspaces/auto_sentry/src/standard_robot_pp_ros2-master/src/standard_robot_pp_ros2/include/standard_robot_pp_ros2.hpp:59:44:[m[K [01;31m[Kerror: [m[Kâ€˜[01m[KAllyRobotHP[m[Kâ€™ is not a member of â€˜[01m[Kpb_rm_interfaces::msg[m[Kâ€™; did you mean â€˜[01m[Krm_decision_interfaces::msg::AllyRobotHP[m[Kâ€™?
   59 |   rclcpp::Publisher<pb_rm_interfaces::msg::[01;31m[KAllyRobotHP[m[K>::SharedPtr all_robot_hp_pub_;
      |                                            [01;31m[K^~~~~~~~~~~[m[K
In file included from [01m[K/workspaces/auto_sentry/build/rm_decision_interfaces/rosidl_generator_cpp/rm_decision_interfaces/msg/ally_robot_hp.hpp:7[m[K,
                 from [01m[K/workspaces/auto_sentry/src/standard_robot_pp_ros2-master/src/standard_robot_pp_ros2/include/standard_robot_pp_ros2.hpp:29[m[K,
                 from [01m[K/workspaces/auto_sentry/src/standard_robot_pp_ros2-master/src/standard_robot_pp_ros2/src/standard_robot_pp_ros2.cpp:1[m[K:
[01m[K/workspaces/auto_sentry/build/rm_decision_interfaces/rosidl_generator_cpp/rm_decision_interfaces/msg/detail/ally_robot_hp__struct.hpp:206:7:[m[K [01;36m[Knote: [m[Kâ€˜[01m[Krm_decision_interfaces::msg::AllyRobotHP[m[Kâ€™ declared here
  206 | using [01;36m[KAllyRobotHP[m[K =
      |       [01;36m[K^~~~~~~~~~~[m[K
In file included from [01m[K/workspaces/auto_sentry/src/standard_robot_pp_ros2-master/src/standard_robot_pp_ros2/src/standard_robot_pp_ros2.cpp:1[m[K:
[01m[K/workspaces/auto_sentry/src/standard_robot_pp_ros2-master/src/standard_robot_pp_ros2/include/standard_robot_pp_ros2.hpp:59:55:[m[K [01;31m[Kerror: [m[Ktemplate argument 1 is invalid
   59 |   rclcpp::Publisher<pb_rm_interfaces::msg::AllyRobotHP[01;31m[K>[m[K::SharedPtr all_robot_hp_pub_;
      |                                                       [01;31m[K^[m[K
[01m[K/workspaces/auto_sentry/src/standard_robot_pp_ros2-master/src/standard_robot_pp_ros2/include/standard_robot_pp_ros2.hpp:59:58:[m[K [01;31m[Kerror: [m[Kexpected â€˜[01m[K;[m[Kâ€™ at end of member declaration
   59 |   rclcpp::Publisher<pb_rm_interfaces::msg::AllyRobotHP>::[01;31m[KSharedPtr[m[K all_robot_hp_pub_;
      |                                                          [01;31m[K^~~~~~~~~[m[K
      |                                                                   [32m[K;[m[K
[01m[K/workspaces/auto_sentry/src/standard_robot_pp_ros2-master/src/standard_robot_pp_ros2/include/standard_robot_pp_ros2.hpp:59:68:[m[K [01;31m[Kerror: [m[Kâ€˜[01m[Kall_robot_hp_pub_[m[Kâ€™ does not name a type
   59 |   rclcpp::Publisher<pb_rm_interfaces::msg::AllyRobotHP>::SharedPtr [01;31m[Kall_robot_hp_pub_[m[K;
      |                                                                    [01;31m[K^~~~~~~~~~~~~~~~~[m[K
[01m[K/workspaces/auto_sentry/src/standard_robot_pp_ros2-master/src/standard_robot_pp_ros2/src/standard_robot_pp_ros2.cpp:[m[K In member function â€˜[01m[Kvoid standard_robot_pp_ros2::StandardRobotPpRos2Node::createPublisher()[m[Kâ€™:
[01m[K/workspaces/auto_sentry/src/standard_robot_pp_ros2-master/src/standard_robot_pp_ros2/src/standard_robot_pp_ros2.cpp:51:3:[m[K [01;31m[Kerror: [m[Kâ€˜[01m[Kall_robot_hp_pub_[m[Kâ€™ was not declared in this scope
   51 |   [01;31m[Kall_robot_hp_pub_[m[K =
      |   [01;31m[K^~~~~~~~~~~~~~~~~[m[K
[01m[K/workspaces/auto_sentry/src/standard_robot_pp_ros2-master/src/standard_robot_pp_ros2/src/standard_robot_pp_ros2.cpp:[m[K In member function â€˜[01m[Kvoid standard_robot_pp_ros2::StandardRobotPpRos2Node::publishAllRobotHp(standard_robot_pp_ros2::ReceiveAllRobotHpData&)[m[Kâ€™:
[01m[K/workspaces/auto_sentry/src/standard_robot_pp_ros2-master/src/standard_robot_pp_ros2/src/standard_robot_pp_ros2.cpp:433:3:[m[K [01;31m[Kerror: [m[Kâ€˜[01m[Kall_robot_hp_pub_[m[Kâ€™ was not declared in this scope; did you mean â€˜[01m[Kall_robot_hp[m[Kâ€™?
  433 |   [01;31m[Kall_robot_hp_pub_[m[K->publish(msg);
      |   [01;31m[K^~~~~~~~~~~~~~~~~[m[K
      |   [32m[Kall_robot_hp[m[K
gmake[2]: *** [CMakeFiles/standard_robot_pp_ros2.dir/build.make:76: CMakeFiles/standard_robot_pp_ros2.dir/src/standard_robot_pp_ros2.cpp.o] Error 1
gmake[1]: *** [CMakeFiles/Makefile2:139: CMakeFiles/standard_robot_pp_ros2.dir/all] Error 2
gmake: *** [Makefile:146: all] Error 2
