[0.054s] Invoking command in '/workspaces/auto_sentry/build/standard_robot_pp_ros2': CMAKE_PREFIX_PATH=/workspaces/auto_sentry/install/serial_driver:/workspaces/auto_sentry/install/io_context:/workspaces/auto_sentry/install/udp_msgs:/workspaces/auto_sentry/install/rm_decision_interfaces:/workspaces/auto_sentry/install/pb_rm_interfaces:/workspaces/auto_sentry/install/udp_driver:/workspaces/auto_sentry/install/standard_robot_pp_ros2:/workspaces/auto_sentry/install/rm_vision_bringup:/workspaces/auto_sentry/install/rm_serial_driver:/workspaces/auto_sentry/install/teb_local_planner:/workspaces/auto_sentry/install/teb_msgs:/workspaces/auto_sentry/install/ros2_livox_simulation:/workspaces/auto_sentry/install/rm_rune_detector:/workspaces/auto_sentry/install/rm_navigation:/workspaces/auto_sentry/install/rm_nav_bringup:/workspaces/auto_sentry/install/rm_gimbal_description:/workspaces/auto_sentry/install/rm_behavior_tree:/workspaces/auto_sentry/install/rm_auto_aim:/workspaces/auto_sentry/install/pointcloud_to_laserscan:/workspaces/auto_sentry/install/point_lio:/workspaces/auto_sentry/install/pb_rm_simulation:/workspaces/auto_sentry/install/game_status_tester:/workspaces/auto_sentry/install/icp_registration:/workspaces/auto_sentry/install/fast_lio:/workspaces/auto_sentry/install/livox_ros_driver2:/workspaces/auto_sentry/install/linefit_ground_segmentation_ros:/workspaces/auto_sentry/install/linefit_ground_segmentation:/workspaces/auto_sentry/install/imu_complementary_filter:/workspaces/auto_sentry/install/hik_camera:/workspaces/auto_sentry/install/fake_vel_transform:/workspaces/auto_sentry/install/costmap_converter:/workspaces/auto_sentry/install/costmap_converter_msgs:/workspaces/auto_sentry/install/btcpp_ros2_samples:/workspaces/auto_sentry/install/btcpp_ros2_interfaces:/workspaces/auto_sentry/install/behaviortree_ros2:/workspaces/auto_sentry/install/behaviortree_cpp:/workspaces/auto_sentry/install/armor_tracker:/workspaces/auto_sentry/install/armor_detector:/workspaces/auto_sentry/install/auto_aim_interfaces:/workspaces/auto_sentry/install/asio_cmake_module:/opt/ros/humble LD_LIBRARY_PATH=/workspaces/auto_sentry/install/serial_driver/lib:/workspaces/auto_sentry/install/io_context/lib:/workspaces/auto_sentry/install/udp_msgs/lib:/workspaces/auto_sentry/install/rm_decision_interfaces/lib:/workspaces/auto_sentry/install/pb_rm_interfaces/lib:/workspaces/auto_sentry/install/udp_driver/lib:/workspaces/auto_sentry/install/standard_robot_pp_ros2/lib:/workspaces/auto_sentry/install/rm_serial_driver/lib:/workspaces/auto_sentry/install/teb_local_planner/lib:/workspaces/auto_sentry/install/teb_msgs/lib:/workspaces/auto_sentry/install/ros2_livox_simulation/lib:/workspaces/auto_sentry/install/rm_rune_detector/lib:/workspaces/auto_sentry/install/rm_behavior_tree/lib:/workspaces/auto_sentry/install/pointcloud_to_laserscan/lib:/workspaces/auto_sentry/install/icp_registration/lib:/workspaces/auto_sentry/install/fast_lio/lib:/workspaces/auto_sentry/install/livox_ros_driver2/lib:/workspaces/auto_sentry/install/linefit_ground_segmentation/lib:/workspaces/auto_sentry/install/imu_complementary_filter/lib:/workspaces/auto_sentry/install/hik_camera/lib:/workspaces/auto_sentry/install/fake_vel_transform/lib:/workspaces/auto_sentry/install/costmap_converter/lib:/workspaces/auto_sentry/install/costmap_converter_msgs/lib:/workspaces/auto_sentry/install/btcpp_ros2_interfaces/lib:/workspaces/auto_sentry/install/behaviortree_cpp/lib:/workspaces/auto_sentry/install/armor_tracker/lib:/workspaces/auto_sentry/install/armor_detector/lib:/workspaces/auto_sentry/install/auto_aim_interfaces/lib:/usr/lib/x86_64-linux-gnu/gazebo-11/plugins:/opt/ros/humble/opt/rviz_ogre_vendor/lib:/opt/ros/humble/lib/x86_64-linux-gnu:/opt/ros/humble/opt/openvdb_vendor/lib:/opt/ros/humble/lib /usr/bin/cmake /workspaces/auto_sentry/src/standard_robot_pp_ros2-master/src/standard_robot_pp_ros2 -DCMAKE_INSTALL_PREFIX=/workspaces/auto_sentry/install/standard_robot_pp_ros2
[0.078s] -- Found ament_cmake: 1.3.9 (/opt/ros/humble/share/ament_cmake/cmake)
[0.234s] -- Override CMake install command with custom implementation using symlinks instead of copying resources
[0.242s] -- Found rclcpp: 16.0.9 (/opt/ros/humble/share/rclcpp/cmake)
[0.285s] -- Found rosidl_generator_c: 3.1.5 (/opt/ros/humble/share/rosidl_generator_c/cmake)
[0.289s] -- Found rosidl_adapter: 3.1.5 (/opt/ros/humble/share/rosidl_adapter/cmake)
[0.296s] -- Found rosidl_generator_cpp: 3.1.5 (/opt/ros/humble/share/rosidl_generator_cpp/cmake)
[0.313s] -- Using all available rosidl_typesupport_c: rosidl_typesupport_fastrtps_c;rosidl_typesupport_introspection_c
[0.333s] -- Using all available rosidl_typesupport_cpp: rosidl_typesupport_fastrtps_cpp;rosidl_typesupport_introspection_cpp
[0.401s] -- Found rmw_implementation_cmake: 6.1.2 (/opt/ros/humble/share/rmw_implementation_cmake/cmake)
[0.404s] -- Found rmw_fastrtps_cpp: 6.2.6 (/opt/ros/humble/share/rmw_fastrtps_cpp/cmake)
[0.594s] -- Using RMW implementation 'rmw_fastrtps_cpp' as default
[0.779s] -- Found rclcpp_components: 16.0.9 (/opt/ros/humble/share/rclcpp_components/cmake)
[0.845s] -- Found serial_driver: 1.2.0 (/workspaces/auto_sentry/install/serial_driver/share/serial_driver/cmake)
[0.997s] -- Found tf2_ros: 0.25.6 (/opt/ros/humble/share/tf2_ros/cmake)
[1.356s] -- Found tf2_geometry_msgs: 0.25.6 (/opt/ros/humble/share/tf2_geometry_msgs/cmake)
[1.361s] -- Found eigen3_cmake_module: 0.1.1 (/opt/ros/humble/share/eigen3_cmake_module/cmake)
[1.362s] -- Ensuring Eigen3 include directory is part of orocos-kdl CMake target
[1.373s] -- Found sensor_msgs: 4.2.3 (/opt/ros/humble/share/sensor_msgs/cmake)
[1.474s] -- Found example_interfaces: 0.9.3 (/opt/ros/humble/share/example_interfaces/cmake)
[1.539s] -- Found pb_rm_interfaces: 0.1.0 (/workspaces/auto_sentry/install/pb_rm_interfaces/share/pb_rm_interfaces/cmake)
[1.598s] -- Found rm_decision_interfaces: 0.0.0 (/workspaces/auto_sentry/install/rm_decision_interfaces/share/rm_decision_interfaces/cmake)
[1.864s] -- Configuring done
[1.908s] -- Generating done
[1.910s] -- Build files have been written to: /workspaces/auto_sentry/build/standard_robot_pp_ros2
[1.924s] Invoked command in '/workspaces/auto_sentry/build/standard_robot_pp_ros2' returned '0': CMAKE_PREFIX_PATH=/workspaces/auto_sentry/install/serial_driver:/workspaces/auto_sentry/install/io_context:/workspaces/auto_sentry/install/udp_msgs:/workspaces/auto_sentry/install/rm_decision_interfaces:/workspaces/auto_sentry/install/pb_rm_interfaces:/workspaces/auto_sentry/install/udp_driver:/workspaces/auto_sentry/install/standard_robot_pp_ros2:/workspaces/auto_sentry/install/rm_vision_bringup:/workspaces/auto_sentry/install/rm_serial_driver:/workspaces/auto_sentry/install/teb_local_planner:/workspaces/auto_sentry/install/teb_msgs:/workspaces/auto_sentry/install/ros2_livox_simulation:/workspaces/auto_sentry/install/rm_rune_detector:/workspaces/auto_sentry/install/rm_navigation:/workspaces/auto_sentry/install/rm_nav_bringup:/workspaces/auto_sentry/install/rm_gimbal_description:/workspaces/auto_sentry/install/rm_behavior_tree:/workspaces/auto_sentry/install/rm_auto_aim:/workspaces/auto_sentry/install/pointcloud_to_laserscan:/workspaces/auto_sentry/install/point_lio:/workspaces/auto_sentry/install/pb_rm_simulation:/workspaces/auto_sentry/install/game_status_tester:/workspaces/auto_sentry/install/icp_registration:/workspaces/auto_sentry/install/fast_lio:/workspaces/auto_sentry/install/livox_ros_driver2:/workspaces/auto_sentry/install/linefit_ground_segmentation_ros:/workspaces/auto_sentry/install/linefit_ground_segmentation:/workspaces/auto_sentry/install/imu_complementary_filter:/workspaces/auto_sentry/install/hik_camera:/workspaces/auto_sentry/install/fake_vel_transform:/workspaces/auto_sentry/install/costmap_converter:/workspaces/auto_sentry/install/costmap_converter_msgs:/workspaces/auto_sentry/install/btcpp_ros2_samples:/workspaces/auto_sentry/install/btcpp_ros2_interfaces:/workspaces/auto_sentry/install/behaviortree_ros2:/workspaces/auto_sentry/install/behaviortree_cpp:/workspaces/auto_sentry/install/armor_tracker:/workspaces/auto_sentry/install/armor_detector:/workspaces/auto_sentry/install/auto_aim_interfaces:/workspaces/auto_sentry/install/asio_cmake_module:/opt/ros/humble LD_LIBRARY_PATH=/workspaces/auto_sentry/install/serial_driver/lib:/workspaces/auto_sentry/install/io_context/lib:/workspaces/auto_sentry/install/udp_msgs/lib:/workspaces/auto_sentry/install/rm_decision_interfaces/lib:/workspaces/auto_sentry/install/pb_rm_interfaces/lib:/workspaces/auto_sentry/install/udp_driver/lib:/workspaces/auto_sentry/install/standard_robot_pp_ros2/lib:/workspaces/auto_sentry/install/rm_serial_driver/lib:/workspaces/auto_sentry/install/teb_local_planner/lib:/workspaces/auto_sentry/install/teb_msgs/lib:/workspaces/auto_sentry/install/ros2_livox_simulation/lib:/workspaces/auto_sentry/install/rm_rune_detector/lib:/workspaces/auto_sentry/install/rm_behavior_tree/lib:/workspaces/auto_sentry/install/pointcloud_to_laserscan/lib:/workspaces/auto_sentry/install/icp_registration/lib:/workspaces/auto_sentry/install/fast_lio/lib:/workspaces/auto_sentry/install/livox_ros_driver2/lib:/workspaces/auto_sentry/install/linefit_ground_segmentation/lib:/workspaces/auto_sentry/install/imu_complementary_filter/lib:/workspaces/auto_sentry/install/hik_camera/lib:/workspaces/auto_sentry/install/fake_vel_transform/lib:/workspaces/auto_sentry/install/costmap_converter/lib:/workspaces/auto_sentry/install/costmap_converter_msgs/lib:/workspaces/auto_sentry/install/btcpp_ros2_interfaces/lib:/workspaces/auto_sentry/install/behaviortree_cpp/lib:/workspaces/auto_sentry/install/armor_tracker/lib:/workspaces/auto_sentry/install/armor_detector/lib:/workspaces/auto_sentry/install/auto_aim_interfaces/lib:/usr/lib/x86_64-linux-gnu/gazebo-11/plugins:/opt/ros/humble/opt/rviz_ogre_vendor/lib:/opt/ros/humble/lib/x86_64-linux-gnu:/opt/ros/humble/opt/openvdb_vendor/lib:/opt/ros/humble/lib /usr/bin/cmake /workspaces/auto_sentry/src/standard_robot_pp_ros2-master/src/standard_robot_pp_ros2 -DCMAKE_INSTALL_PREFIX=/workspaces/auto_sentry/install/standard_robot_pp_ros2
[1.926s] Invoking command in '/workspaces/auto_sentry/build/standard_robot_pp_ros2': CMAKE_PREFIX_PATH=/workspaces/auto_sentry/install/serial_driver:/workspaces/auto_sentry/install/io_context:/workspaces/auto_sentry/install/udp_msgs:/workspaces/auto_sentry/install/rm_decision_interfaces:/workspaces/auto_sentry/install/pb_rm_interfaces:/workspaces/auto_sentry/install/udp_driver:/workspaces/auto_sentry/install/standard_robot_pp_ros2:/workspaces/auto_sentry/install/rm_vision_bringup:/workspaces/auto_sentry/install/rm_serial_driver:/workspaces/auto_sentry/install/teb_local_planner:/workspaces/auto_sentry/install/teb_msgs:/workspaces/auto_sentry/install/ros2_livox_simulation:/workspaces/auto_sentry/install/rm_rune_detector:/workspaces/auto_sentry/install/rm_navigation:/workspaces/auto_sentry/install/rm_nav_bringup:/workspaces/auto_sentry/install/rm_gimbal_description:/workspaces/auto_sentry/install/rm_behavior_tree:/workspaces/auto_sentry/install/rm_auto_aim:/workspaces/auto_sentry/install/pointcloud_to_laserscan:/workspaces/auto_sentry/install/point_lio:/workspaces/auto_sentry/install/pb_rm_simulation:/workspaces/auto_sentry/install/game_status_tester:/workspaces/auto_sentry/install/icp_registration:/workspaces/auto_sentry/install/fast_lio:/workspaces/auto_sentry/install/livox_ros_driver2:/workspaces/auto_sentry/install/linefit_ground_segmentation_ros:/workspaces/auto_sentry/install/linefit_ground_segmentation:/workspaces/auto_sentry/install/imu_complementary_filter:/workspaces/auto_sentry/install/hik_camera:/workspaces/auto_sentry/install/fake_vel_transform:/workspaces/auto_sentry/install/costmap_converter:/workspaces/auto_sentry/install/costmap_converter_msgs:/workspaces/auto_sentry/install/btcpp_ros2_samples:/workspaces/auto_sentry/install/btcpp_ros2_interfaces:/workspaces/auto_sentry/install/behaviortree_ros2:/workspaces/auto_sentry/install/behaviortree_cpp:/workspaces/auto_sentry/install/armor_tracker:/workspaces/auto_sentry/install/armor_detector:/workspaces/auto_sentry/install/auto_aim_interfaces:/workspaces/auto_sentry/install/asio_cmake_module:/opt/ros/humble LD_LIBRARY_PATH=/workspaces/auto_sentry/install/serial_driver/lib:/workspaces/auto_sentry/install/io_context/lib:/workspaces/auto_sentry/install/udp_msgs/lib:/workspaces/auto_sentry/install/rm_decision_interfaces/lib:/workspaces/auto_sentry/install/pb_rm_interfaces/lib:/workspaces/auto_sentry/install/udp_driver/lib:/workspaces/auto_sentry/install/standard_robot_pp_ros2/lib:/workspaces/auto_sentry/install/rm_serial_driver/lib:/workspaces/auto_sentry/install/teb_local_planner/lib:/workspaces/auto_sentry/install/teb_msgs/lib:/workspaces/auto_sentry/install/ros2_livox_simulation/lib:/workspaces/auto_sentry/install/rm_rune_detector/lib:/workspaces/auto_sentry/install/rm_behavior_tree/lib:/workspaces/auto_sentry/install/pointcloud_to_laserscan/lib:/workspaces/auto_sentry/install/icp_registration/lib:/workspaces/auto_sentry/install/fast_lio/lib:/workspaces/auto_sentry/install/livox_ros_driver2/lib:/workspaces/auto_sentry/install/linefit_ground_segmentation/lib:/workspaces/auto_sentry/install/imu_complementary_filter/lib:/workspaces/auto_sentry/install/hik_camera/lib:/workspaces/auto_sentry/install/fake_vel_transform/lib:/workspaces/auto_sentry/install/costmap_converter/lib:/workspaces/auto_sentry/install/costmap_converter_msgs/lib:/workspaces/auto_sentry/install/btcpp_ros2_interfaces/lib:/workspaces/auto_sentry/install/behaviortree_cpp/lib:/workspaces/auto_sentry/install/armor_tracker/lib:/workspaces/auto_sentry/install/armor_detector/lib:/workspaces/auto_sentry/install/auto_aim_interfaces/lib:/usr/lib/x86_64-linux-gnu/gazebo-11/plugins:/opt/ros/humble/opt/rviz_ogre_vendor/lib:/opt/ros/humble/lib/x86_64-linux-gnu:/opt/ros/humble/opt/openvdb_vendor/lib:/opt/ros/humble/lib /usr/bin/cmake --build /workspaces/auto_sentry/build/standard_robot_pp_ros2 -- -j28 -l28
[2.008s] [35m[1mConsolidate compiler generated dependencies of target standard_robot_pp_ros2_node[0m
[2.009s] [35m[1mConsolidate compiler generated dependencies of target standard_robot_pp_ros2[0m
[2.051s] [ 40%] Built target standard_robot_pp_ros2_node
[2.058s] [ 80%] [32mBuilding C object CMakeFiles/standard_robot_pp_ros2.dir/src/crc_func.c.o[0m
[2.058s] [ 80%] [32mBuilding CXX object CMakeFiles/standard_robot_pp_ros2.dir/src/standard_robot_pp_ros2.cpp.o[0m
[5.312s] In file included from [01m[K/workspaces/auto_sentry/src/standard_robot_pp_ros2-master/src/standard_robot_pp_ros2/src/standard_robot_pp_ros2.cpp:1[m[K:
[5.312s] [01m[K/workspaces/auto_sentry/src/standard_robot_pp_ros2-master/src/standard_robot_pp_ros2/include/standard_robot_pp_ros2.hpp:59:44:[m[K [01;31m[Kerror: [m[Kâ€˜[01m[KAllyRobotHP[m[Kâ€™ is not a member of â€˜[01m[Kpb_rm_interfaces::msg[m[Kâ€™; did you mean â€˜[01m[Krm_decision_interfaces::msg::AllyRobotHP[m[Kâ€™?
[5.312s]    59 |   rclcpp::Publisher<pb_rm_interfaces::msg::[01;31m[KAllyRobotHP[m[K>::SharedPtr all_robot_hp_pub_;
[5.312s]       |                                            [01;31m[K^~~~~~~~~~~[m[K
[5.312s] In file included from [01m[K/workspaces/auto_sentry/build/rm_decision_interfaces/rosidl_generator_cpp/rm_decision_interfaces/msg/ally_robot_hp.hpp:7[m[K,
[5.312s]                  from [01m[K/workspaces/auto_sentry/src/standard_robot_pp_ros2-master/src/standard_robot_pp_ros2/include/standard_robot_pp_ros2.hpp:29[m[K,
[5.312s]                  from [01m[K/workspaces/auto_sentry/src/standard_robot_pp_ros2-master/src/standard_robot_pp_ros2/src/standard_robot_pp_ros2.cpp:1[m[K:
[5.312s] [01m[K/workspaces/auto_sentry/build/rm_decision_interfaces/rosidl_generator_cpp/rm_decision_interfaces/msg/detail/ally_robot_hp__struct.hpp:206:7:[m[K [01;36m[Knote: [m[Kâ€˜[01m[Krm_decision_interfaces::msg::AllyRobotHP[m[Kâ€™ declared here
[5.312s]   206 | using [01;36m[KAllyRobotHP[m[K =
[5.312s]       |       [01;36m[K^~~~~~~~~~~[m[K
[5.312s] In file included from [01m[K/workspaces/auto_sentry/src/standard_robot_pp_ros2-master/src/standard_robot_pp_ros2/src/standard_robot_pp_ros2.cpp:1[m[K:
[5.312s] [01m[K/workspaces/auto_sentry/src/standard_robot_pp_ros2-master/src/standard_robot_pp_ros2/include/standard_robot_pp_ros2.hpp:59:55:[m[K [01;31m[Kerror: [m[Ktemplate argument 1 is invalid
[5.312s]    59 |   rclcpp::Publisher<pb_rm_interfaces::msg::AllyRobotHP[01;31m[K>[m[K::SharedPtr all_robot_hp_pub_;
[5.313s]       |                                                       [01;31m[K^[m[K
[5.313s] [01m[K/workspaces/auto_sentry/src/standard_robot_pp_ros2-master/src/standard_robot_pp_ros2/include/standard_robot_pp_ros2.hpp:59:58:[m[K [01;31m[Kerror: [m[Kexpected â€˜[01m[K;[m[Kâ€™ at end of member declaration
[5.313s]    59 |   rclcpp::Publisher<pb_rm_interfaces::msg::AllyRobotHP>::[01;31m[KSharedPtr[m[K all_robot_hp_pub_;
[5.313s]       |                                                          [01;31m[K^~~~~~~~~[m[K
[5.313s]       |                                                                   [32m[K;[m[K
[5.319s] [01m[K/workspaces/auto_sentry/src/standard_robot_pp_ros2-master/src/standard_robot_pp_ros2/include/standard_robot_pp_ros2.hpp:59:68:[m[K [01;31m[Kerror: [m[Kâ€˜[01m[Kall_robot_hp_pub_[m[Kâ€™ does not name a type
[5.319s]    59 |   rclcpp::Publisher<pb_rm_interfaces::msg::AllyRobotHP>::SharedPtr [01;31m[Kall_robot_hp_pub_[m[K;
[5.320s]       |                                                                    [01;31m[K^~~~~~~~~~~~~~~~~[m[K
[5.513s] [01m[K/workspaces/auto_sentry/src/standard_robot_pp_ros2-master/src/standard_robot_pp_ros2/src/standard_robot_pp_ros2.cpp:[m[K In member function â€˜[01m[Kvoid standard_robot_pp_ros2::StandardRobotPpRos2Node::createPublisher()[m[Kâ€™:
[5.513s] [01m[K/workspaces/auto_sentry/src/standard_robot_pp_ros2-master/src/standard_robot_pp_ros2/src/standard_robot_pp_ros2.cpp:51:3:[m[K [01;31m[Kerror: [m[Kâ€˜[01m[Kall_robot_hp_pub_[m[Kâ€™ was not declared in this scope
[5.514s]    51 |   [01;31m[Kall_robot_hp_pub_[m[K =
[5.514s]       |   [01;31m[K^~~~~~~~~~~~~~~~~[m[K
[5.553s] [01m[K/workspaces/auto_sentry/src/standard_robot_pp_ros2-master/src/standard_robot_pp_ros2/src/standard_robot_pp_ros2.cpp:[m[K In member function â€˜[01m[Kvoid standard_robot_pp_ros2::StandardRobotPpRos2Node::publishAllRobotHp(standard_robot_pp_ros2::ReceiveAllRobotHpData&)[m[Kâ€™:
[5.553s] [01m[K/workspaces/auto_sentry/src/standard_robot_pp_ros2-master/src/standard_robot_pp_ros2/src/standard_robot_pp_ros2.cpp:433:3:[m[K [01;31m[Kerror: [m[Kâ€˜[01m[Kall_robot_hp_pub_[m[Kâ€™ was not declared in this scope; did you mean â€˜[01m[Kall_robot_hp[m[Kâ€™?
[5.553s]   433 |   [01;31m[Kall_robot_hp_pub_[m[K->publish(msg);
[5.553s]       |   [01;31m[K^~~~~~~~~~~~~~~~~[m[K
[5.553s]       |   [32m[Kall_robot_hp[m[K
[8.641s] gmake[2]: *** [CMakeFiles/standard_robot_pp_ros2.dir/build.make:76: CMakeFiles/standard_robot_pp_ros2.dir/src/standard_robot_pp_ros2.cpp.o] Error 1
[8.641s] gmake[1]: *** [CMakeFiles/Makefile2:139: CMakeFiles/standard_robot_pp_ros2.dir/all] Error 2
[8.641s] gmake: *** [Makefile:146: all] Error 2
[8.645s] Invoked command in '/workspaces/auto_sentry/build/standard_robot_pp_ros2' returned '2': CMAKE_PREFIX_PATH=/workspaces/auto_sentry/install/serial_driver:/workspaces/auto_sentry/install/io_context:/workspaces/auto_sentry/install/udp_msgs:/workspaces/auto_sentry/install/rm_decision_interfaces:/workspaces/auto_sentry/install/pb_rm_interfaces:/workspaces/auto_sentry/install/udp_driver:/workspaces/auto_sentry/install/standard_robot_pp_ros2:/workspaces/auto_sentry/install/rm_vision_bringup:/workspaces/auto_sentry/install/rm_serial_driver:/workspaces/auto_sentry/install/teb_local_planner:/workspaces/auto_sentry/install/teb_msgs:/workspaces/auto_sentry/install/ros2_livox_simulation:/workspaces/auto_sentry/install/rm_rune_detector:/workspaces/auto_sentry/install/rm_navigation:/workspaces/auto_sentry/install/rm_nav_bringup:/workspaces/auto_sentry/install/rm_gimbal_description:/workspaces/auto_sentry/install/rm_behavior_tree:/workspaces/auto_sentry/install/rm_auto_aim:/workspaces/auto_sentry/install/pointcloud_to_laserscan:/workspaces/auto_sentry/install/point_lio:/workspaces/auto_sentry/install/pb_rm_simulation:/workspaces/auto_sentry/install/game_status_tester:/workspaces/auto_sentry/install/icp_registration:/workspaces/auto_sentry/install/fast_lio:/workspaces/auto_sentry/install/livox_ros_driver2:/workspaces/auto_sentry/install/linefit_ground_segmentation_ros:/workspaces/auto_sentry/install/linefit_ground_segmentation:/workspaces/auto_sentry/install/imu_complementary_filter:/workspaces/auto_sentry/install/hik_camera:/workspaces/auto_sentry/install/fake_vel_transform:/workspaces/auto_sentry/install/costmap_converter:/workspaces/auto_sentry/install/costmap_converter_msgs:/workspaces/auto_sentry/install/btcpp_ros2_samples:/workspaces/auto_sentry/install/btcpp_ros2_interfaces:/workspaces/auto_sentry/install/behaviortree_ros2:/workspaces/auto_sentry/install/behaviortree_cpp:/workspaces/auto_sentry/install/armor_tracker:/workspaces/auto_sentry/install/armor_detector:/workspaces/auto_sentry/install/auto_aim_interfaces:/workspaces/auto_sentry/install/asio_cmake_module:/opt/ros/humble LD_LIBRARY_PATH=/workspaces/auto_sentry/install/serial_driver/lib:/workspaces/auto_sentry/install/io_context/lib:/workspaces/auto_sentry/install/udp_msgs/lib:/workspaces/auto_sentry/install/rm_decision_interfaces/lib:/workspaces/auto_sentry/install/pb_rm_interfaces/lib:/workspaces/auto_sentry/install/udp_driver/lib:/workspaces/auto_sentry/install/standard_robot_pp_ros2/lib:/workspaces/auto_sentry/install/rm_serial_driver/lib:/workspaces/auto_sentry/install/teb_local_planner/lib:/workspaces/auto_sentry/install/teb_msgs/lib:/workspaces/auto_sentry/install/ros2_livox_simulation/lib:/workspaces/auto_sentry/install/rm_rune_detector/lib:/workspaces/auto_sentry/install/rm_behavior_tree/lib:/workspaces/auto_sentry/install/pointcloud_to_laserscan/lib:/workspaces/auto_sentry/install/icp_registration/lib:/workspaces/auto_sentry/install/fast_lio/lib:/workspaces/auto_sentry/install/livox_ros_driver2/lib:/workspaces/auto_sentry/install/linefit_ground_segmentation/lib:/workspaces/auto_sentry/install/imu_complementary_filter/lib:/workspaces/auto_sentry/install/hik_camera/lib:/workspaces/auto_sentry/install/fake_vel_transform/lib:/workspaces/auto_sentry/install/costmap_converter/lib:/workspaces/auto_sentry/install/costmap_converter_msgs/lib:/workspaces/auto_sentry/install/btcpp_ros2_interfaces/lib:/workspaces/auto_sentry/install/behaviortree_cpp/lib:/workspaces/auto_sentry/install/armor_tracker/lib:/workspaces/auto_sentry/install/armor_detector/lib:/workspaces/auto_sentry/install/auto_aim_interfaces/lib:/usr/lib/x86_64-linux-gnu/gazebo-11/plugins:/opt/ros/humble/opt/rviz_ogre_vendor/lib:/opt/ros/humble/lib/x86_64-linux-gnu:/opt/ros/humble/opt/openvdb_vendor/lib:/opt/ros/humble/lib /usr/bin/cmake --build /workspaces/auto_sentry/build/standard_robot_pp_ros2 -- -j28 -l28
