[35m[1mConsolidate compiler generated dependencies of target rm_behavior_tree[0m
[  4%] Built target decision_switch
[  9%] Built target rm_behavior_tree
[ 14%] Built target rate_controller
[ 19%] Built target is_game_time
[ 23%] Built target is_status_ok
[ 28%] Built target is_attacked
[ 33%] Built target is_friend_ok
[ 38%] Built target is_outpost_ok
[ 42%] Built target is_detect_enemy
[ 47%] Built target send_goal
[ 52%] Built target sub_all_robot_hp
[ 54%] [32mBuilding CXX object CMakeFiles/sub_ally_robot_hp.dir/plugins/action/sub_ally_robot_hp.cpp.o[0m
In file included from [01m[K/workspaces/auto_sentry/src/rm_behavior_tree-master/rm_behavior_tree/plugins/action/sub_ally_robot_hp.cpp:1[m[K:
[01m[K/workspaces/auto_sentry/src/rm_behavior_tree-master/rm_behavior_tree/include/rm_behavior_tree/plugins/action/sub_ally_robot_hp.hpp:5:10:[m[K [01;31m[Kfatal error: [m[Krm_decision_interfaces/msg/ally_robot_hp.hpp: No such file or directory
    5 | #include [01;31m[K"rm_decision_interfaces/msg/ally_robot_hp.hpp"[m[K
      |          [01;31m[K^~~~~~~~~~~~~~~~~~~~~~~~~~~~~~~~~~~~~~~~~~~~~~[m[K
compilation terminated.
gmake[2]: *** [CMakeFiles/sub_ally_robot_hp.dir/build.make:76: CMakeFiles/sub_ally_robot_hp.dir/plugins/action/sub_ally_robot_hp.cpp.o] Error 1
gmake[1]: *** [CMakeFiles/Makefile2:508: CMakeFiles/sub_ally_robot_hp.dir/all] Error 2
gmake: *** [Makefile:146: all] Error 2
