[0.017s] Invoking command in '/workspaces/auto_sentry/build/rm_behavior_tree': AMENT_PREFIX_PATH=/workspaces/auto_sentry/install/behaviortree_ros2:/workspaces/auto_sentry/install/rm_decision_interfaces:/workspaces/auto_sentry/install/behaviortree_cpp:/workspaces/auto_sentry/install/auto_aim_interfaces:${AMENT_PREFIX_PATH} CMAKE_PREFIX_PATH=/workspaces/auto_sentry/install/behaviortree_ros2:/workspaces/auto_sentry/install/rm_decision_interfaces:/workspaces/auto_sentry/install/behaviortree_cpp:/workspaces/auto_sentry/install/auto_aim_interfaces:/opt/ros/humble LD_LIBRARY_PATH=/workspaces/auto_sentry/install/rm_decision_interfaces/lib:/workspaces/auto_sentry/install/behaviortree_cpp/lib:/workspaces/auto_sentry/install/auto_aim_interfaces/lib:${LD_LIBRARY_PATH} PATH=/workspaces/auto_sentry/install/behaviortree_cpp/bin:${PATH} PYTHONPATH=/workspaces/auto_sentry/install/rm_decision_interfaces/local/lib/python3.10/dist-packages:/workspaces/auto_sentry/install/auto_aim_interfaces/local/lib/python3.10/dist-packages:${PYTHONPATH} /usr/bin/cmake --build /workspaces/auto_sentry/build/rm_behavior_tree -- -j28 -l28
[0.051s] [35m[1mConsolidate compiler generated dependencies of target rm_behavior_tree[0m
[0.061s] [  4%] Built target decision_switch
[0.065s] [  9%] Built target rm_behavior_tree
[0.086s] [ 14%] Built target rate_controller
[0.124s] [ 19%] Built target is_game_time
[0.159s] [ 23%] Built target is_status_ok
[0.181s] [ 28%] Built target is_attacked
[0.207s] [ 33%] Built target is_friend_ok
[0.242s] [ 38%] Built target is_outpost_ok
[0.278s] [ 42%] Built target is_detect_enemy
[0.316s] [ 47%] Built target send_goal
[0.342s] [ 52%] Built target sub_all_robot_hp
[0.366s] [ 54%] [32mBuilding CXX object CMakeFiles/sub_ally_robot_hp.dir/plugins/action/sub_ally_robot_hp.cpp.o[0m
[0.910s] In file included from [01m[K/workspaces/auto_sentry/src/rm_behavior_tree-master/rm_behavior_tree/plugins/action/sub_ally_robot_hp.cpp:1[m[K:
[0.910s] [01m[K/workspaces/auto_sentry/src/rm_behavior_tree-master/rm_behavior_tree/include/rm_behavior_tree/plugins/action/sub_ally_robot_hp.hpp:5:10:[m[K [01;31m[Kfatal error: [m[Krm_decision_interfaces/msg/ally_robot_hp.hpp: No such file or directory
[0.910s]     5 | #include [01;31m[K"rm_decision_interfaces/msg/ally_robot_hp.hpp"[m[K
[0.910s]       |          [01;31m[K^~~~~~~~~~~~~~~~~~~~~~~~~~~~~~~~~~~~~~~~~~~~~~[m[K
[0.910s] compilation terminated.
[0.916s] gmake[2]: *** [CMakeFiles/sub_ally_robot_hp.dir/build.make:76: CMakeFiles/sub_ally_robot_hp.dir/plugins/action/sub_ally_robot_hp.cpp.o] Error 1
[0.917s] gmake[1]: *** [CMakeFiles/Makefile2:508: CMakeFiles/sub_ally_robot_hp.dir/all] Error 2
[0.917s] gmake: *** [Makefile:146: all] Error 2
[0.919s] Invoked command in '/workspaces/auto_sentry/build/rm_behavior_tree' returned '2': AMENT_PREFIX_PATH=/workspaces/auto_sentry/install/behaviortree_ros2:/workspaces/auto_sentry/install/rm_decision_interfaces:/workspaces/auto_sentry/install/behaviortree_cpp:/workspaces/auto_sentry/install/auto_aim_interfaces:${AMENT_PREFIX_PATH} CMAKE_PREFIX_PATH=/workspaces/auto_sentry/install/behaviortree_ros2:/workspaces/auto_sentry/install/rm_decision_interfaces:/workspaces/auto_sentry/install/behaviortree_cpp:/workspaces/auto_sentry/install/auto_aim_interfaces:/opt/ros/humble LD_LIBRARY_PATH=/workspaces/auto_sentry/install/rm_decision_interfaces/lib:/workspaces/auto_sentry/install/behaviortree_cpp/lib:/workspaces/auto_sentry/install/auto_aim_interfaces/lib:${LD_LIBRARY_PATH} PATH=/workspaces/auto_sentry/install/behaviortree_cpp/bin:${PATH} PYTHONPATH=/workspaces/auto_sentry/install/rm_decision_interfaces/local/lib/python3.10/dist-packages:/workspaces/auto_sentry/install/auto_aim_interfaces/local/lib/python3.10/dist-packages:${PYTHONPATH} /usr/bin/cmake --build /workspaces/auto_sentry/build/rm_behavior_tree -- -j28 -l28
