-- Found ament_cmake_auto: 1.3.9 (/opt/ros/humble/share/ament_cmake_auto/cmake)
-- Override CMake install command with custom implementation using symlinks instead of copying resources
-- Found rosidl_generator_c: 3.1.5 (/opt/ros/humble/share/rosidl_generator_c/cmake)
-- Found rosidl_adapter: 3.1.5 (/opt/ros/humble/share/rosidl_adapter/cmake)
-- Found rosidl_generator_cpp: 3.1.5 (/opt/ros/humble/share/rosidl_generator_cpp/cmake)
-- Using all available rosidl_typesupport_c: rosidl_typesupport_fastrtps_c;rosidl_typesupport_introspection_c
-- Using all available rosidl_typesupport_cpp: rosidl_typesupport_fastrtps_cpp;rosidl_typesupport_introspection_cpp
-- Found rmw_implementation_cmake: 6.1.2 (/opt/ros/humble/share/rmw_implementation_cmake/cmake)
-- Found rmw_fastrtps_cpp: 6.2.6 (/opt/ros/humble/share/rmw_fastrtps_cpp/cmake)
-- Using RMW implementation 'rmw_fastrtps_cpp' as default
-- Configuring done
-- Generating done
-- Build files have been written to: /workspaces/auto_sentry/build/rm_behavior_tree
[35m[1mConsolidate compiler generated dependencies of target decision_switch[0m
[35m[1mConsolidate compiler generated dependencies of target rm_behavior_tree[0m
[  2%] [32mBuilding CXX object CMakeFiles/rm_behavior_tree.dir/src/rm_behavior_tree.cpp.o[0m
[  7%] Built target decision_switch
[35m[1mConsolidate compiler generated dependencies of target rate_controller[0m
[ 11%] Built target rate_controller
[35m[1mConsolidate compiler generated dependencies of target is_game_time[0m
[ 16%] Built target is_game_time
[35m[1mConsolidate compiler generated dependencies of target is_status_ok[0m
[ 21%] Built target is_status_ok
[35m[1mConsolidate compiler generated dependencies of target is_attacked[0m
[ 26%] Built target is_attacked
[35m[1mConsolidate compiler generated dependencies of target is_friend_ok[0m
[ 30%] Built target is_friend_ok
[35m[1mConsolidate compiler generated dependencies of target is_outpost_ok[0m
[ 35%] Built target is_outpost_ok
[35m[1mConsolidate compiler generated dependencies of target is_detect_enemy[0m
[ 40%] Built target is_detect_enemy
[35m[1mConsolidate compiler generated dependencies of target send_goal[0m
[ 45%] Built target send_goal
[35m[1mConsolidate compiler generated dependencies of target sub_all_robot_hp[0m
[ 50%] Built target sub_all_robot_hp
[ 52%] [32mBuilding CXX object CMakeFiles/sub_ally_robot_hp.dir/plugins/action/sub_ally_robot_hp.cpp.o[0m
In file included from [01m[K/workspaces/auto_sentry/src/rm_behavior_tree-master/rm_behavior_tree/plugins/action/sub_ally_robot_hp.cpp:1[m[K:
[01m[K/workspaces/auto_sentry/src/rm_behavior_tree-master/rm_behavior_tree/include/rm_behavior_tree/plugins/action/sub_ally_robot_hp.hpp:5:10:[m[K [01;31m[Kfatal error: [m[Krm_decision_interfaces/msg/ally_robot_hp.hpp: No such file or directory
    5 | #include [01;31m[K"rm_decision_interfaces/msg/ally_robot_hp.hpp"[m[K
      |          [01;31m[K^~~~~~~~~~~~~~~~~~~~~~~~~~~~~~~~~~~~~~~~~~~~~~[m[K
compilation terminated.
gmake[2]: *** [CMakeFiles/sub_ally_robot_hp.dir/build.make:76: CMakeFiles/sub_ally_robot_hp.dir/plugins/action/sub_ally_robot_hp.cpp.o] Error 1
gmake[1]: *** [CMakeFiles/Makefile2:508: CMakeFiles/sub_ally_robot_hp.dir/all] Error 2
gmake[1]: *** Waiting for unfinished jobs....
[ 54%] [32m[1mLinking CXX executable rm_behavior_tree[0m
[ 54%] Built target rm_behavior_tree
gmake: *** [Makefile:146: all] Error 2
