[0.018s] Invoking command in '/workspaces/auto_sentry/build/rm_behavior_tree': AMENT_PREFIX_PATH=/workspaces/auto_sentry/install/behaviortree_ros2:/workspaces/auto_sentry/install/rm_decision_interfaces:/workspaces/auto_sentry/install/behaviortree_cpp:/workspaces/auto_sentry/install/auto_aim_interfaces:${AMENT_PREFIX_PATH} CMAKE_PREFIX_PATH=/workspaces/auto_sentry/install/behaviortree_ros2:/workspaces/auto_sentry/install/rm_decision_interfaces:/workspaces/auto_sentry/install/behaviortree_cpp:/workspaces/auto_sentry/install/auto_aim_interfaces:/opt/ros/humble LD_LIBRARY_PATH=/workspaces/auto_sentry/install/rm_decision_interfaces/lib:/workspaces/auto_sentry/install/behaviortree_cpp/lib:/workspaces/auto_sentry/install/auto_aim_interfaces/lib:${LD_LIBRARY_PATH} PATH=/workspaces/auto_sentry/install/behaviortree_cpp/bin:${PATH} PYTHONPATH=/workspaces/auto_sentry/install/rm_decision_interfaces/local/lib/python3.10/dist-packages:/workspaces/auto_sentry/install/auto_aim_interfaces/local/lib/python3.10/dist-packages:${PYTHONPATH} /usr/bin/cmake --build /workspaces/auto_sentry/build/rm_behavior_tree -- -j28 -l28
[0.044s] -- Found ament_cmake_auto: 1.3.9 (/opt/ros/humble/share/ament_cmake_auto/cmake)
[0.118s] -- Override CMake install command with custom implementation using symlinks instead of copying resources
[0.191s] -- Found rosidl_generator_c: 3.1.5 (/opt/ros/humble/share/rosidl_generator_c/cmake)
[0.193s] -- Found rosidl_adapter: 3.1.5 (/opt/ros/humble/share/rosidl_adapter/cmake)
[0.197s] -- Found rosidl_generator_cpp: 3.1.5 (/opt/ros/humble/share/rosidl_generator_cpp/cmake)
[0.204s] -- Using all available rosidl_typesupport_c: rosidl_typesupport_fastrtps_c;rosidl_typesupport_introspection_c
[0.216s] -- Using all available rosidl_typesupport_cpp: rosidl_typesupport_fastrtps_cpp;rosidl_typesupport_introspection_cpp
[0.256s] -- Found rmw_implementation_cmake: 6.1.2 (/opt/ros/humble/share/rmw_implementation_cmake/cmake)
[0.257s] -- Found rmw_fastrtps_cpp: 6.2.6 (/opt/ros/humble/share/rmw_fastrtps_cpp/cmake)
[0.366s] -- Using RMW implementation 'rmw_fastrtps_cpp' as default
[1.874s] -- Configuring done
[2.279s] -- Generating done
[2.282s] -- Build files have been written to: /workspaces/auto_sentry/build/rm_behavior_tree
[2.306s] [35m[1mConsolidate compiler generated dependencies of target decision_switch[0m
[2.307s] [35m[1mConsolidate compiler generated dependencies of target rm_behavior_tree[0m
[2.324s] [  2%] [32mBuilding CXX object CMakeFiles/rm_behavior_tree.dir/src/rm_behavior_tree.cpp.o[0m
[2.324s] [  7%] Built target decision_switch
[2.332s] [35m[1mConsolidate compiler generated dependencies of target rate_controller[0m
[2.343s] [ 11%] Built target rate_controller
[2.352s] [35m[1mConsolidate compiler generated dependencies of target is_game_time[0m
[2.365s] [ 16%] Built target is_game_time
[2.375s] [35m[1mConsolidate compiler generated dependencies of target is_status_ok[0m
[2.387s] [ 21%] Built target is_status_ok
[2.397s] [35m[1mConsolidate compiler generated dependencies of target is_attacked[0m
[2.409s] [ 26%] Built target is_attacked
[2.417s] [35m[1mConsolidate compiler generated dependencies of target is_friend_ok[0m
[2.433s] [ 30%] Built target is_friend_ok
[2.442s] [35m[1mConsolidate compiler generated dependencies of target is_outpost_ok[0m
[2.456s] [ 35%] Built target is_outpost_ok
[2.464s] [35m[1mConsolidate compiler generated dependencies of target is_detect_enemy[0m
[2.477s] [ 40%] Built target is_detect_enemy
[2.486s] [35m[1mConsolidate compiler generated dependencies of target send_goal[0m
[2.502s] [ 45%] Built target send_goal
[2.511s] [35m[1mConsolidate compiler generated dependencies of target sub_all_robot_hp[0m
[2.535s] [ 50%] Built target sub_all_robot_hp
[2.554s] [ 52%] [32mBuilding CXX object CMakeFiles/sub_ally_robot_hp.dir/plugins/action/sub_ally_robot_hp.cpp.o[0m
[3.092s] In file included from [01m[K/workspaces/auto_sentry/src/rm_behavior_tree-master/rm_behavior_tree/plugins/action/sub_ally_robot_hp.cpp:1[m[K:
[3.092s] [01m[K/workspaces/auto_sentry/src/rm_behavior_tree-master/rm_behavior_tree/include/rm_behavior_tree/plugins/action/sub_ally_robot_hp.hpp:5:10:[m[K [01;31m[Kfatal error: [m[Krm_decision_interfaces/msg/ally_robot_hp.hpp: No such file or directory
[3.092s]     5 | #include [01;31m[K"rm_decision_interfaces/msg/ally_robot_hp.hpp"[m[K
[3.092s]       |          [01;31m[K^~~~~~~~~~~~~~~~~~~~~~~~~~~~~~~~~~~~~~~~~~~~~~[m[K
[3.093s] compilation terminated.
[3.119s] gmake[2]: *** [CMakeFiles/sub_ally_robot_hp.dir/build.make:76: CMakeFiles/sub_ally_robot_hp.dir/plugins/action/sub_ally_robot_hp.cpp.o] Error 1
[3.119s] gmake[1]: *** [CMakeFiles/Makefile2:508: CMakeFiles/sub_ally_robot_hp.dir/all] Error 2
[3.119s] gmake[1]: *** Waiting for unfinished jobs....
[5.350s] [ 54%] [32m[1mLinking CXX executable rm_behavior_tree[0m
[5.510s] [ 54%] Built target rm_behavior_tree
[5.511s] gmake: *** [Makefile:146: all] Error 2
[5.513s] Invoked command in '/workspaces/auto_sentry/build/rm_behavior_tree' returned '2': AMENT_PREFIX_PATH=/workspaces/auto_sentry/install/behaviortree_ros2:/workspaces/auto_sentry/install/rm_decision_interfaces:/workspaces/auto_sentry/install/behaviortree_cpp:/workspaces/auto_sentry/install/auto_aim_interfaces:${AMENT_PREFIX_PATH} CMAKE_PREFIX_PATH=/workspaces/auto_sentry/install/behaviortree_ros2:/workspaces/auto_sentry/install/rm_decision_interfaces:/workspaces/auto_sentry/install/behaviortree_cpp:/workspaces/auto_sentry/install/auto_aim_interfaces:/opt/ros/humble LD_LIBRARY_PATH=/workspaces/auto_sentry/install/rm_decision_interfaces/lib:/workspaces/auto_sentry/install/behaviortree_cpp/lib:/workspaces/auto_sentry/install/auto_aim_interfaces/lib:${LD_LIBRARY_PATH} PATH=/workspaces/auto_sentry/install/behaviortree_cpp/bin:${PATH} PYTHONPATH=/workspaces/auto_sentry/install/rm_decision_interfaces/local/lib/python3.10/dist-packages:/workspaces/auto_sentry/install/auto_aim_interfaces/local/lib/python3.10/dist-packages:${PYTHONPATH} /usr/bin/cmake --build /workspaces/auto_sentry/build/rm_behavior_tree -- -j28 -l28
