[0.024s] Invoking command in '/workspaces/auto_sentry/build/standard_robot_pp_ros2': AMENT_PREFIX_PATH=/workspaces/auto_sentry/install/serial_driver:/workspaces/auto_sentry/install/io_context:/workspaces/auto_sentry/install/udp_msgs:/workspaces/auto_sentry/install/rm_decision_interfaces:/workspaces/auto_sentry/install/pb_rm_interfaces:${AMENT_PREFIX_PATH} CMAKE_PREFIX_PATH=/workspaces/auto_sentry/install/serial_driver:/workspaces/auto_sentry/install/io_context:/workspaces/auto_sentry/install/udp_msgs:/workspaces/auto_sentry/install/rm_decision_interfaces:/workspaces/auto_sentry/install/pb_rm_interfaces:/opt/ros/humble LD_LIBRARY_PATH=/workspaces/auto_sentry/install/serial_driver/lib:/workspaces/auto_sentry/install/io_context/lib:/workspaces/auto_sentry/install/udp_msgs/lib:/workspaces/auto_sentry/install/rm_decision_interfaces/lib:/workspaces/auto_sentry/install/pb_rm_interfaces/lib:${LD_LIBRARY_PATH} PYTHONPATH=/workspaces/auto_sentry/install/udp_msgs/local/lib/python3.10/dist-packages:/workspaces/auto_sentry/install/rm_decision_interfaces/local/lib/python3.10/dist-packages:/workspaces/auto_sentry/install/pb_rm_interfaces/local/lib/python3.10/dist-packages:${PYTHONPATH} /usr/bin/cmake --build /workspaces/auto_sentry/build/standard_robot_pp_ros2 -- -j28 -l28
[0.105s] [35m[1mConsolidate compiler generated dependencies of target standard_robot_pp_ros2[0m
[0.114s] [ 40%] Built target standard_robot_pp_ros2_node
[0.125s] [ 60%] [32mBuilding CXX object CMakeFiles/standard_robot_pp_ros2.dir/src/standard_robot_pp_ros2.cpp.o[0m
[0.219s] In file included from [01m[K/workspaces/auto_sentry/src/standard_robot_pp_ros2-master/src/standard_robot_pp_ros2/src/standard_robot_pp_ros2.cpp:1[m[K:
[0.219s] [01m[K/workspaces/auto_sentry/src/standard_robot_pp_ros2-master/src/standard_robot_pp_ros2/include/standard_robot_pp_ros2.hpp:23:10:[m[K [01;31m[Kfatal error: [m[Krm_decision_interfaces/msg/event_data.hpp: No such file or directory
[0.219s]    23 | #include [01;31m[K<rm_decision_interfaces/msg/event_data.hpp>[m[K
[0.219s]       |          [01;31m[K^~~~~~~~~~~~~~~~~~~~~~~~~~~~~~~~~~~~~~~~~~~[m[K
[0.219s] compilation terminated.
[0.220s] gmake[2]: *** [CMakeFiles/standard_robot_pp_ros2.dir/build.make:76: CMakeFiles/standard_robot_pp_ros2.dir/src/standard_robot_pp_ros2.cpp.o] Error 1
[0.220s] gmake[1]: *** [CMakeFiles/Makefile2:139: CMakeFiles/standard_robot_pp_ros2.dir/all] Error 2
[0.221s] gmake: *** [Makefile:146: all] Error 2
[0.222s] Invoked command in '/workspaces/auto_sentry/build/standard_robot_pp_ros2' returned '2': AMENT_PREFIX_PATH=/workspaces/auto_sentry/install/serial_driver:/workspaces/auto_sentry/install/io_context:/workspaces/auto_sentry/install/udp_msgs:/workspaces/auto_sentry/install/rm_decision_interfaces:/workspaces/auto_sentry/install/pb_rm_interfaces:${AMENT_PREFIX_PATH} CMAKE_PREFIX_PATH=/workspaces/auto_sentry/install/serial_driver:/workspaces/auto_sentry/install/io_context:/workspaces/auto_sentry/install/udp_msgs:/workspaces/auto_sentry/install/rm_decision_interfaces:/workspaces/auto_sentry/install/pb_rm_interfaces:/opt/ros/humble LD_LIBRARY_PATH=/workspaces/auto_sentry/install/serial_driver/lib:/workspaces/auto_sentry/install/io_context/lib:/workspaces/auto_sentry/install/udp_msgs/lib:/workspaces/auto_sentry/install/rm_decision_interfaces/lib:/workspaces/auto_sentry/install/pb_rm_interfaces/lib:${LD_LIBRARY_PATH} PYTHONPATH=/workspaces/auto_sentry/install/udp_msgs/local/lib/python3.10/dist-packages:/workspaces/auto_sentry/install/rm_decision_interfaces/local/lib/python3.10/dist-packages:/workspaces/auto_sentry/install/pb_rm_interfaces/local/lib/python3.10/dist-packages:${PYTHONPATH} /usr/bin/cmake --build /workspaces/auto_sentry/build/standard_robot_pp_ros2 -- -j28 -l28
