-- Found ament_cmake: 1.3.9 (/opt/ros/humble/share/ament_cmake/cmake)
-- Override CMake install command with custom implementation using symlinks instead of copying resources
-- Found rclcpp: 16.0.9 (/opt/ros/humble/share/rclcpp/cmake)
-- Found rosidl_generator_c: 3.1.5 (/opt/ros/humble/share/rosidl_generator_c/cmake)
-- Found rosidl_adapter: 3.1.5 (/opt/ros/humble/share/rosidl_adapter/cmake)
-- Found rosidl_generator_cpp: 3.1.5 (/opt/ros/humble/share/rosidl_generator_cpp/cmake)
-- Using all available rosidl_typesupport_c: rosidl_typesupport_fastrtps_c;rosidl_typesupport_introspection_c
-- Using all available rosidl_typesupport_cpp: rosidl_typesupport_fastrtps_cpp;rosidl_typesupport_introspection_cpp
-- Found rmw_implementation_cmake: 6.1.2 (/opt/ros/humble/share/rmw_implementation_cmake/cmake)
-- Found rmw_fastrtps_cpp: 6.2.6 (/opt/ros/humble/share/rmw_fastrtps_cpp/cmake)
-- Using RMW implementation 'rmw_fastrtps_cpp' as default
-- Found rclcpp_components: 16.0.9 (/opt/ros/humble/share/rclcpp_components/cmake)
-- Found serial_driver: 1.2.0 (/workspaces/auto_sentry/install/serial_driver/share/serial_driver/cmake)
-- Found tf2_ros: 0.25.6 (/opt/ros/humble/share/tf2_ros/cmake)
-- Found tf2_geometry_msgs: 0.25.6 (/opt/ros/humble/share/tf2_geometry_msgs/cmake)
-- Found eigen3_cmake_module: 0.1.1 (/opt/ros/humble/share/eigen3_cmake_module/cmake)
-- Ensuring Eigen3 include directory is part of orocos-kdl CMake target
-- Found sensor_msgs: 4.2.3 (/opt/ros/humble/share/sensor_msgs/cmake)
-- Found example_interfaces: 0.9.3 (/opt/ros/humble/share/example_interfaces/cmake)
-- Found pb_rm_interfaces: 0.1.0 (/workspaces/auto_sentry/install/pb_rm_interfaces/share/pb_rm_interfaces/cmake)
-- Found rm_decision_interfaces: 0.0.0 (/workspaces/auto_sentry/install/rm_decision_interfaces/share/rm_decision_interfaces/cmake)
-- Configuring done
-- Generating done
-- Build files have been written to: /workspaces/auto_sentry/build/standard_robot_pp_ros2
[35m[1mConsolidate compiler generated dependencies of target standard_robot_pp_ros2_node[0m
[35m[1mConsolidate compiler generated dependencies of target standard_robot_pp_ros2[0m
[ 40%] Built target standard_robot_pp_ros2_node
[ 60%] [32mBuilding CXX object CMakeFiles/standard_robot_pp_ros2.dir/src/standard_robot_pp_ros2.cpp.o[0m
[01m[K/workspaces/auto_sentry/src/standard_robot_pp_ros2-master/src/standard_robot_pp_ros2/src/standard_robot_pp_ros2.cpp:[m[K In member function â€˜[01m[Kvoid standard_robot_pp_ros2::StandardRobotPpRos2Node::publishRobotStatus(standard_robot_pp_ros2::ReceiveRobotStatus&)[m[Kâ€™:
[01m[K/workspaces/auto_sentry/src/standard_robot_pp_ros2-master/src/standard_robot_pp_ros2/src/standard_robot_pp_ros2.cpp:567:7:[m[K [01;31m[Kerror: [m[Kâ€˜[01m[Kusing RobotStatus = struct rm_decision_interfaces::msg::RobotStatus_<std::allocator<void> >[m[Kâ€™ {aka â€˜[01m[Kstruct rm_decision_interfaces::msg::RobotStatus_<std::allocator<void> >[m[Kâ€™} has no member named â€˜[01m[Kmaximum_hp[m[Kâ€™
  567 |   msg.[01;31m[Kmaximum_hp[m[K = 0;
      |       [01;31m[K^~~~~~~~~~[m[K
[01m[K/workspaces/auto_sentry/src/standard_robot_pp_ros2-master/src/standard_robot_pp_ros2/src/standard_robot_pp_ros2.cpp:568:7:[m[K [01;31m[Kerror: [m[Kâ€˜[01m[Kusing RobotStatus = struct rm_decision_interfaces::msg::RobotStatus_<std::allocator<void> >[m[Kâ€™ {aka â€˜[01m[Kstruct rm_decision_interfaces::msg::RobotStatus_<std::allocator<void> >[m[Kâ€™} has no member named â€˜[01m[Kshooter_17mm_1_barrel_heat[m[Kâ€™
  568 |   msg.[01;31m[Kshooter_17mm_1_barrel_heat[m[K = robot_status.data.shooter_17mm_1_barrel_heat;
      |       [01;31m[K^~~~~~~~~~~~~~~~~~~~~~~~~~[m[K
gmake[2]: *** [CMakeFiles/standard_robot_pp_ros2.dir/build.make:76: CMakeFiles/standard_robot_pp_ros2.dir/src/standard_robot_pp_ros2.cpp.o] Error 1
gmake[1]: *** [CMakeFiles/Makefile2:139: CMakeFiles/standard_robot_pp_ros2.dir/all] Error 2
gmake: *** [Makefile:146: all] Error 2
